{
  "RSpec": {
    "coverage": {
      "/home/redolent-certificate-3758/tic-tac-toe-rb-online-web-sp-000/lib/tic_tac_toe.rb": [
        null,
        1,
        null,
        null,
        null,
        null,
        null,
        null,
        null,
        null,
        null,
        1,
        23,
        23,
        23,
        23,
        23,
        null,
        null,
        1,
        22,
        null,
        null,
        1,
        21,
        null,
        null,
        1,
        24,
        null,
        null,
        1,
        22,
        19,
        null,
        3,
        null,
        null,
        null,
        1,
        19,
        19,
        19,
        19,
        18,
        18,
        18,
        null,
        1,
        null,
        null,
        null,
        1,
        20,
        20,
        180,
        30,
        null,
        null,
        20,
        null,
        null,
        1,
        19,
        14,
        null,
        5,
        null,
        null,
        null,
        1,
        67,
        503,
        503,
        503,
        null,
        503,
        503,
        503,
        null,
        503,
        12,
        null,
        null,
        55,
        null,
        null,
        1,
        39,
        164,
        null,
        null,
        null,
        1,
        30,
        5,
        null,
        25,
        null,
        null,
        null,
        1,
        20,
        10,
        null,
        10,
        null,
        null,
        null,
        1,
        4,
        4,
        4,
        null,
        null,
        3,
        2,
        null,
        1,
        null,
        null,
        null,
        null,
        1,
        12,
        16,
        16,
        2,
        14,
        0,
        null,
        null,
        null
      ]
    },
    "timestamp": 1565094964
  }
}
